2025-12-02 20:13:13.185 [main] INFO  com.template.TemplateApplication - Starting TemplateApplication using Java 1.8.0_472 on SeayandKuanping with PID 11624 (D:\桌面\database\hospital\Hospital_Management_System\backends\target\classes started by LENOVO in D:\桌面\database\hospital\Hospital_Management_System)
2025-12-02 20:13:13.192 [main] DEBUG com.template.TemplateApplication - Running with Spring Boot v2.6.13, Spring v5.3.23
2025-12-02 20:13:13.193 [main] INFO  com.template.TemplateApplication - No active profile set, falling back to 1 default profile: "default"
2025-12-02 20:13:14.088 [main] DEBUG org.mybatis.spring.mapper.ClassPathMapperScanner - Identified candidate component class: file [D:\桌面\database\hospital\Hospital_Management_System\backends\target\classes\com\template\mapper\AppointmentMapper.class]
2025-12-02 20:13:14.088 [main] DEBUG org.mybatis.spring.mapper.ClassPathMapperScanner - Identified candidate component class: file [D:\桌面\database\hospital\Hospital_Management_System\backends\target\classes\com\template\mapper\BillItemMapper.class]
2025-12-02 20:13:14.089 [main] DEBUG org.mybatis.spring.mapper.ClassPathMapperScanner - Identified candidate component class: file [D:\桌面\database\hospital\Hospital_Management_System\backends\target\classes\com\template\mapper\BillMapper.class]
2025-12-02 20:13:14.089 [main] DEBUG org.mybatis.spring.mapper.ClassPathMapperScanner - Identified candidate component class: file [D:\桌面\database\hospital\Hospital_Management_System\backends\target\classes\com\template\mapper\DepartmentMapper.class]
2025-12-02 20:13:14.089 [main] DEBUG org.mybatis.spring.mapper.ClassPathMapperScanner - Identified candidate component class: file [D:\桌面\database\hospital\Hospital_Management_System\backends\target\classes\com\template\mapper\DoctorScheduleMapper.class]
2025-12-02 20:13:14.089 [main] DEBUG org.mybatis.spring.mapper.ClassPathMapperScanner - Identified candidate component class: file [D:\桌面\database\hospital\Hospital_Management_System\backends\target\classes\com\template\mapper\InventoryLogMapper.class]
2025-12-02 20:13:14.089 [main] DEBUG org.mybatis.spring.mapper.ClassPathMapperScanner - Identified candidate component class: file [D:\桌面\database\hospital\Hospital_Management_System\backends\target\classes\com\template\mapper\MedicalRecordMapper.class]
2025-12-02 20:13:14.089 [main] DEBUG org.mybatis.spring.mapper.ClassPathMapperScanner - Identified candidate component class: file [D:\桌面\database\hospital\Hospital_Management_System\backends\target\classes\com\template\mapper\MedicineMapper.class]
2025-12-02 20:13:14.089 [main] DEBUG org.mybatis.spring.mapper.ClassPathMapperScanner - Identified candidate component class: file [D:\桌面\database\hospital\Hospital_Management_System\backends\target\classes\com\template\mapper\PatientMapper.class]
2025-12-02 20:13:14.089 [main] DEBUG org.mybatis.spring.mapper.ClassPathMapperScanner - Identified candidate component class: file [D:\桌面\database\hospital\Hospital_Management_System\backends\target\classes\com\template\mapper\PrescriptionDetailMapper.class]
2025-12-02 20:13:14.089 [main] DEBUG org.mybatis.spring.mapper.ClassPathMapperScanner - Identified candidate component class: file [D:\桌面\database\hospital\Hospital_Management_System\backends\target\classes\com\template\mapper\PrescriptionMapper.class]
2025-12-02 20:13:14.089 [main] DEBUG org.mybatis.spring.mapper.ClassPathMapperScanner - Identified candidate component class: file [D:\桌面\database\hospital\Hospital_Management_System\backends\target\classes\com\template\mapper\StaffMapper.class]
2025-12-02 20:13:14.089 [main] DEBUG org.mybatis.spring.mapper.ClassPathMapperScanner - Creating MapperFactoryBean with name 'appointmentMapper' and 'com.template.mapper.AppointmentMapper' mapperInterface
2025-12-02 20:13:14.092 [main] DEBUG org.mybatis.spring.mapper.ClassPathMapperScanner - Enabling autowire by type for MapperFactoryBean with name 'appointmentMapper'.
2025-12-02 20:13:14.092 [main] DEBUG org.mybatis.spring.mapper.ClassPathMapperScanner - Creating MapperFactoryBean with name 'billItemMapper' and 'com.template.mapper.BillItemMapper' mapperInterface
2025-12-02 20:13:14.092 [main] DEBUG org.mybatis.spring.mapper.ClassPathMapperScanner - Enabling autowire by type for MapperFactoryBean with name 'billItemMapper'.
2025-12-02 20:13:14.092 [main] DEBUG org.mybatis.spring.mapper.ClassPathMapperScanner - Creating MapperFactoryBean with name 'billMapper' and 'com.template.mapper.BillMapper' mapperInterface
2025-12-02 20:13:14.093 [main] DEBUG org.mybatis.spring.mapper.ClassPathMapperScanner - Enabling autowire by type for MapperFactoryBean with name 'billMapper'.
2025-12-02 20:13:14.093 [main] DEBUG org.mybatis.spring.mapper.ClassPathMapperScanner - Creating MapperFactoryBean with name 'departmentMapper' and 'com.template.mapper.DepartmentMapper' mapperInterface
2025-12-02 20:13:14.093 [main] DEBUG org.mybatis.spring.mapper.ClassPathMapperScanner - Enabling autowire by type for MapperFactoryBean with name 'departmentMapper'.
2025-12-02 20:13:14.093 [main] DEBUG org.mybatis.spring.mapper.ClassPathMapperScanner - Creating MapperFactoryBean with name 'doctorScheduleMapper' and 'com.template.mapper.DoctorScheduleMapper' mapperInterface
2025-12-02 20:13:14.093 [main] DEBUG org.mybatis.spring.mapper.ClassPathMapperScanner - Enabling autowire by type for MapperFactoryBean with name 'doctorScheduleMapper'.
2025-12-02 20:13:14.093 [main] DEBUG org.mybatis.spring.mapper.ClassPathMapperScanner - Creating MapperFactoryBean with name 'inventoryLogMapper' and 'com.template.mapper.InventoryLogMapper' mapperInterface
2025-12-02 20:13:14.094 [main] DEBUG org.mybatis.spring.mapper.ClassPathMapperScanner - Enabling autowire by type for MapperFactoryBean with name 'inventoryLogMapper'.
2025-12-02 20:13:14.094 [main] DEBUG org.mybatis.spring.mapper.ClassPathMapperScanner - Creating MapperFactoryBean with name 'medicalRecordMapper' and 'com.template.mapper.MedicalRecordMapper' mapperInterface
2025-12-02 20:13:14.094 [main] DEBUG org.mybatis.spring.mapper.ClassPathMapperScanner - Enabling autowire by type for MapperFactoryBean with name 'medicalRecordMapper'.
2025-12-02 20:13:14.094 [main] DEBUG org.mybatis.spring.mapper.ClassPathMapperScanner - Creating MapperFactoryBean with name 'medicineMapper' and 'com.template.mapper.MedicineMapper' mapperInterface
2025-12-02 20:13:14.095 [main] DEBUG org.mybatis.spring.mapper.ClassPathMapperScanner - Enabling autowire by type for MapperFactoryBean with name 'medicineMapper'.
2025-12-02 20:13:14.095 [main] DEBUG org.mybatis.spring.mapper.ClassPathMapperScanner - Creating MapperFactoryBean with name 'patientMapper' and 'com.template.mapper.PatientMapper' mapperInterface
2025-12-02 20:13:14.095 [main] DEBUG org.mybatis.spring.mapper.ClassPathMapperScanner - Enabling autowire by type for MapperFactoryBean with name 'patientMapper'.
2025-12-02 20:13:14.095 [main] DEBUG org.mybatis.spring.mapper.ClassPathMapperScanner - Creating MapperFactoryBean with name 'prescriptionDetailMapper' and 'com.template.mapper.PrescriptionDetailMapper' mapperInterface
2025-12-02 20:13:14.096 [main] DEBUG org.mybatis.spring.mapper.ClassPathMapperScanner - Enabling autowire by type for MapperFactoryBean with name 'prescriptionDetailMapper'.
2025-12-02 20:13:14.096 [main] DEBUG org.mybatis.spring.mapper.ClassPathMapperScanner - Creating MapperFactoryBean with name 'prescriptionMapper' and 'com.template.mapper.PrescriptionMapper' mapperInterface
2025-12-02 20:13:14.096 [main] DEBUG org.mybatis.spring.mapper.ClassPathMapperScanner - Enabling autowire by type for MapperFactoryBean with name 'prescriptionMapper'.
2025-12-02 20:13:14.096 [main] DEBUG org.mybatis.spring.mapper.ClassPathMapperScanner - Creating MapperFactoryBean with name 'staffMapper' and 'com.template.mapper.StaffMapper' mapperInterface
2025-12-02 20:13:14.097 [main] DEBUG org.mybatis.spring.mapper.ClassPathMapperScanner - Enabling autowire by type for MapperFactoryBean with name 'staffMapper'.
2025-12-02 20:13:14.432 [main] INFO  o.s.boot.web.embedded.tomcat.TomcatWebServer - Tomcat initialized with port(s): 8081 (http)
2025-12-02 20:13:14.433 [main] INFO  org.apache.catalina.core.AprLifecycleListener - Loaded Apache Tomcat Native library [1.3.1] using APR version [1.7.4].
2025-12-02 20:13:14.433 [main] INFO  org.apache.catalina.core.AprLifecycleListener - APR capabilities: IPv6 [true], sendfile [true], accept filters [false], random [true], UDS [true].
2025-12-02 20:13:14.433 [main] INFO  org.apache.catalina.core.AprLifecycleListener - APR/OpenSSL configuration: useAprConnector [false], useOpenSSL [true]
2025-12-02 20:13:14.446 [main] INFO  org.apache.catalina.core.AprLifecycleListener - OpenSSL successfully initialized [OpenSSL 3.0.14 4 Jun 2024]
2025-12-02 20:13:14.452 [main] INFO  org.apache.catalina.core.StandardService - Starting service [Tomcat]
2025-12-02 20:13:14.452 [main] INFO  org.apache.catalina.core.StandardEngine - Starting Servlet engine: [Apache Tomcat/9.0.68]
2025-12-02 20:13:14.567 [main] INFO  o.a.c.core.ContainerBase.[Tomcat].[localhost].[/] - Initializing Spring embedded WebApplicationContext
2025-12-02 20:13:14.567 [main] INFO  o.s.b.w.s.c.ServletWebServerApplicationContext - Root WebApplicationContext: initialization completed in 1333 ms
2025-12-02 20:13:14.604 [main] DEBUG org.springframework.web.filter.CorsFilter - Filter 'corsFilter' configured for use
2025-12-02 20:13:16.275 [main] DEBUG o.s.w.s.m.m.a.RequestMappingHandlerMapping - 59 mappings in 'requestMappingHandlerMapping'
2025-12-02 20:13:16.439 [main] DEBUG o.s.w.s.m.m.a.RequestMappingHandlerAdapter - ControllerAdvice beans: 0 @ModelAttribute, 0 @InitBinder, 1 RequestBodyAdvice, 1 ResponseBodyAdvice
2025-12-02 20:13:16.481 [main] DEBUG o.s.web.servlet.handler.SimpleUrlHandlerMapping - Patterns [/swagger-ui/] in 'viewControllerHandlerMapping'
2025-12-02 20:13:16.497 [main] DEBUG o.s.web.servlet.handler.SimpleUrlHandlerMapping - Patterns [/webjars/**, /**, /doc.html, /static/**, /upload/**, /swagger-ui/**] in 'resourceHandlerMapping'
2025-12-02 20:13:16.504 [main] DEBUG o.s.w.s.m.m.a.ExceptionHandlerExceptionResolver - ControllerAdvice beans: 1 @ExceptionHandler, 1 ResponseBodyAdvice
2025-12-02 20:13:16.605 [main] INFO  o.s.boot.web.embedded.tomcat.TomcatWebServer - Tomcat started on port(s): 8081 (http) with context path ''
2025-12-02 20:13:16.995 [main] INFO  com.template.TemplateApplication - Started TemplateApplication in 4.202 seconds (JVM running for 5.706)
2025-12-02 20:14:35.407 [http-nio-8081-exec-1] INFO  o.a.c.core.ContainerBase.[Tomcat].[localhost].[/] - Initializing Spring DispatcherServlet 'dispatcherServlet'
2025-12-02 20:14:35.407 [http-nio-8081-exec-1] INFO  org.springframework.web.servlet.DispatcherServlet - Initializing Servlet 'dispatcherServlet'
2025-12-02 20:14:35.407 [http-nio-8081-exec-1] DEBUG org.springframework.web.servlet.DispatcherServlet - Detected StandardServletMultipartResolver
2025-12-02 20:14:35.408 [http-nio-8081-exec-1] DEBUG org.springframework.web.servlet.DispatcherServlet - Detected AcceptHeaderLocaleResolver
2025-12-02 20:14:35.408 [http-nio-8081-exec-1] DEBUG org.springframework.web.servlet.DispatcherServlet - Detected FixedThemeResolver
2025-12-02 20:14:35.411 [http-nio-8081-exec-1] DEBUG org.springframework.web.servlet.DispatcherServlet - Detected org.springframework.web.servlet.view.DefaultRequestToViewNameTranslator@14fc7f65
2025-12-02 20:14:35.411 [http-nio-8081-exec-1] DEBUG org.springframework.web.servlet.DispatcherServlet - Detected org.springframework.web.servlet.support.SessionFlashMapManager@33620561
2025-12-02 20:14:35.411 [http-nio-8081-exec-1] DEBUG org.springframework.web.servlet.DispatcherServlet - enableLoggingRequestDetails='false': request parameters and headers will be masked to prevent unsafe logging of potentially sensitive data
2025-12-02 20:14:35.412 [http-nio-8081-exec-1] INFO  org.springframework.web.servlet.DispatcherServlet - Completed initialization in 5 ms
2025-12-02 20:14:35.463 [http-nio-8081-exec-8] DEBUG org.springframework.web.servlet.DispatcherServlet - POST "/patient/login", parameters={}
2025-12-02 20:14:35.468 [http-nio-8081-exec-8] DEBUG o.s.w.s.m.m.a.RequestMappingHandlerMapping - Mapped to com.template.controller.PatientController#login(PatientLoginRequest)
2025-12-02 20:14:35.550 [http-nio-8081-exec-8] DEBUG o.s.w.s.m.m.a.RequestResponseBodyMethodProcessor - Read "application/json;charset=UTF-8" to [PatientLoginRequest(account=18084943471, password=123456)]
2025-12-02 20:14:35.673 [http-nio-8081-exec-8] INFO  com.zaxxer.hikari.HikariDataSource - HikariCP - Starting...
2025-12-02 20:14:35.822 [http-nio-8081-exec-8] INFO  com.zaxxer.hikari.HikariDataSource - HikariCP - Start completed.
2025-12-02 20:14:35.980 [http-nio-8081-exec-8] DEBUG o.s.w.s.m.m.a.RequestResponseBodyMethodProcessor - Using 'application/json', given [*/*] and supported [application/json, application/*+json, application/json, application/*+json]
2025-12-02 20:14:35.980 [http-nio-8081-exec-8] DEBUG o.s.w.s.m.m.a.RequestResponseBodyMethodProcessor - Writing [Result{code=200, message='登录成功', data=PatientLoginVO(patientId=11, patientName=克里斯汀, token=eyJhbGciO (truncated)...]
2025-12-02 20:14:35.984 [http-nio-8081-exec-8] DEBUG org.springframework.web.servlet.DispatcherServlet - Completed 200 OK
2025-12-02 20:14:37.094 [http-nio-8081-exec-4] DEBUG org.springframework.web.servlet.DispatcherServlet - GET "/appointment/my", parameters={}
2025-12-02 20:14:37.094 [http-nio-8081-exec-4] DEBUG o.s.w.s.m.m.a.RequestMappingHandlerMapping - Mapped to com.template.controller.AppointmentController#getMyAppointments(HttpServletRequest)
2025-12-02 20:14:37.138 [http-nio-8081-exec-4] DEBUG o.s.w.s.m.m.a.RequestResponseBodyMethodProcessor - Using 'application/json', given [*/*] and supported [application/json, application/*+json, application/json, application/*+json]
2025-12-02 20:14:37.138 [http-nio-8081-exec-4] DEBUG o.s.w.s.m.m.a.RequestResponseBodyMethodProcessor - Writing [Result{code=200, message='操作成功', data=[], timestamp=1764677677137}]
2025-12-02 20:14:37.140 [http-nio-8081-exec-4] DEBUG org.springframework.web.servlet.DispatcherServlet - Completed 200 OK
2025-12-02 20:14:55.595 [http-nio-8081-exec-6] DEBUG org.springframework.web.servlet.DispatcherServlet - POST "/staff/login", parameters={}
2025-12-02 20:14:55.595 [http-nio-8081-exec-6] DEBUG o.s.w.s.m.m.a.RequestMappingHandlerMapping - Mapped to com.template.controller.StaffController#login(StaffLoginRequest)
2025-12-02 20:14:55.597 [http-nio-8081-exec-6] DEBUG o.s.w.s.m.m.a.RequestResponseBodyMethodProcessor - Read "application/json;charset=UTF-8" to [StaffLoginRequest(loginName=doctor1, password=123456)]
2025-12-02 20:14:55.726 [http-nio-8081-exec-6] DEBUG o.s.w.s.m.m.a.RequestResponseBodyMethodProcessor - Using 'application/json', given [*/*] and supported [application/json, application/*+json, application/json, application/*+json]
2025-12-02 20:14:55.727 [http-nio-8081-exec-6] DEBUG o.s.w.s.m.m.a.RequestResponseBodyMethodProcessor - Writing [Result{code=200, message='登录成功', data=StaffLoginResponse(token=eyJhbGciOiJIUzI1NiJ9.eyJ1c2VySWQiOjIs (truncated)...]
2025-12-02 20:14:55.728 [http-nio-8081-exec-6] DEBUG org.springframework.web.servlet.DispatcherServlet - Completed 200 OK
2025-12-02 20:14:56.830 [http-nio-8081-exec-3] DEBUG org.springframework.web.servlet.DispatcherServlet - GET "/doctor/appointments/pending", parameters={}
2025-12-02 20:14:56.830 [http-nio-8081-exec-3] DEBUG o.s.w.s.m.m.a.RequestMappingHandlerMapping - Mapped to com.template.controller.DoctorController#getPendingAppointments(HttpServletRequest)
2025-12-02 20:14:56.844 [http-nio-8081-exec-3] DEBUG o.s.w.s.m.m.a.RequestResponseBodyMethodProcessor - Using 'application/json', given [*/*] and supported [application/json, application/*+json, application/json, application/*+json]
2025-12-02 20:14:56.844 [http-nio-8081-exec-3] DEBUG o.s.w.s.m.m.a.RequestResponseBodyMethodProcessor - Writing [Result{code=200, message='操作成功', data=[], timestamp=1764677696843}]
2025-12-02 20:14:56.845 [http-nio-8081-exec-3] DEBUG org.springframework.web.servlet.DispatcherServlet - Completed 200 OK
2025-12-02 20:15:07.950 [http-nio-8081-exec-9] DEBUG org.springframework.web.servlet.DispatcherServlet - POST "/staff/login", parameters={}
2025-12-02 20:15:07.951 [http-nio-8081-exec-9] DEBUG o.s.w.s.m.m.a.RequestMappingHandlerMapping - Mapped to com.template.controller.StaffController#login(StaffLoginRequest)
2025-12-02 20:15:07.952 [http-nio-8081-exec-9] DEBUG o.s.w.s.m.m.a.RequestResponseBodyMethodProcessor - Read "application/json;charset=UTF-8" to [StaffLoginRequest(loginName=admin1, password=123456)]
2025-12-02 20:15:07.963 [http-nio-8081-exec-9] DEBUG o.s.w.s.m.m.a.ExceptionHandlerExceptionResolver - Using @ExceptionHandler com.template.exception.GlobalExceptionHandler#handleBusinessException(BusinessException, HttpServletRequest)
2025-12-02 20:15:07.964 [http-nio-8081-exec-9] DEBUG o.s.w.s.m.m.a.RequestResponseBodyMethodProcessor - Using 'application/json', given [*/*] and supported [application/json, application/*+json, application/json, application/*+json]
2025-12-02 20:15:07.965 [http-nio-8081-exec-9] DEBUG o.s.w.s.m.m.a.RequestResponseBodyMethodProcessor - Writing [Result{code=40001, message='账号或密码错误', data=null, timestamp=1764677707963}]
2025-12-02 20:15:07.966 [http-nio-8081-exec-9] DEBUG o.s.w.s.m.m.a.ExceptionHandlerExceptionResolver - Resolved [com.template.common.BusinessException: 账号或密码错误]
2025-12-02 20:15:07.966 [http-nio-8081-exec-9] DEBUG org.springframework.web.servlet.DispatcherServlet - Completed 200 OK
2025-12-02 20:15:14.062 [http-nio-8081-exec-8] DEBUG org.springframework.web.servlet.DispatcherServlet - POST "/staff/login", parameters={}
2025-12-02 20:15:14.062 [http-nio-8081-exec-8] DEBUG o.s.w.s.m.m.a.RequestMappingHandlerMapping - Mapped to com.template.controller.StaffController#login(StaffLoginRequest)
2025-12-02 20:15:14.063 [http-nio-8081-exec-8] DEBUG o.s.w.s.m.m.a.RequestResponseBodyMethodProcessor - Read "application/json;charset=UTF-8" to [StaffLoginRequest(loginName=admin1, password=123456)]
2025-12-02 20:15:14.067 [http-nio-8081-exec-8] DEBUG o.s.w.s.m.m.a.ExceptionHandlerExceptionResolver - Using @ExceptionHandler com.template.exception.GlobalExceptionHandler#handleBusinessException(BusinessException, HttpServletRequest)
2025-12-02 20:15:14.068 [http-nio-8081-exec-8] DEBUG o.s.w.s.m.m.a.RequestResponseBodyMethodProcessor - Using 'application/json', given [*/*] and supported [application/json, application/*+json, application/json, application/*+json]
2025-12-02 20:15:14.068 [http-nio-8081-exec-8] DEBUG o.s.w.s.m.m.a.RequestResponseBodyMethodProcessor - Writing [Result{code=40001, message='账号或密码错误', data=null, timestamp=1764677714068}]
2025-12-02 20:15:14.069 [http-nio-8081-exec-8] DEBUG o.s.w.s.m.m.a.ExceptionHandlerExceptionResolver - Resolved [com.template.common.BusinessException: 账号或密码错误]
2025-12-02 20:15:14.070 [http-nio-8081-exec-8] DEBUG org.springframework.web.servlet.DispatcherServlet - Completed 200 OK
2025-12-02 20:15:23.819 [http-nio-8081-exec-4] DEBUG org.springframework.web.servlet.DispatcherServlet - POST "/staff/login", parameters={}
2025-12-02 20:15:23.819 [http-nio-8081-exec-4] DEBUG o.s.w.s.m.m.a.RequestMappingHandlerMapping - Mapped to com.template.controller.StaffController#login(StaffLoginRequest)
2025-12-02 20:15:23.821 [http-nio-8081-exec-4] DEBUG o.s.w.s.m.m.a.RequestResponseBodyMethodProcessor - Read "application/json;charset=UTF-8" to [StaffLoginRequest(loginName=admin1, password=666666)]
2025-12-02 20:15:23.837 [http-nio-8081-exec-4] DEBUG o.s.w.s.m.m.a.ExceptionHandlerExceptionResolver - Using @ExceptionHandler com.template.exception.GlobalExceptionHandler#handleBusinessException(BusinessException, HttpServletRequest)
2025-12-02 20:15:23.838 [http-nio-8081-exec-4] DEBUG o.s.w.s.m.m.a.RequestResponseBodyMethodProcessor - Using 'application/json', given [*/*] and supported [application/json, application/*+json, application/json, application/*+json]
2025-12-02 20:15:23.839 [http-nio-8081-exec-4] DEBUG o.s.w.s.m.m.a.RequestResponseBodyMethodProcessor - Writing [Result{code=40001, message='账号或密码错误', data=null, timestamp=1764677723838}]
2025-12-02 20:15:23.840 [http-nio-8081-exec-4] DEBUG o.s.w.s.m.m.a.ExceptionHandlerExceptionResolver - Resolved [com.template.common.BusinessException: 账号或密码错误]
2025-12-02 20:15:23.840 [http-nio-8081-exec-4] DEBUG org.springframework.web.servlet.DispatcherServlet - Completed 200 OK
2025-12-02 20:16:59.932 [http-nio-8081-exec-7] DEBUG org.springframework.web.servlet.DispatcherServlet - POST "/staff/login", parameters={}
2025-12-02 20:16:59.932 [http-nio-8081-exec-7] DEBUG o.s.w.s.m.m.a.RequestMappingHandlerMapping - Mapped to com.template.controller.StaffController#login(StaffLoginRequest)
2025-12-02 20:16:59.933 [http-nio-8081-exec-7] DEBUG o.s.w.s.m.m.a.RequestResponseBodyMethodProcessor - Read "application/json;charset=UTF-8" to [StaffLoginRequest(loginName=admin, password=666666)]
2025-12-02 20:17:00.092 [http-nio-8081-exec-7] DEBUG o.s.w.s.m.m.a.ExceptionHandlerExceptionResolver - Using @ExceptionHandler com.template.exception.GlobalExceptionHandler#handleBusinessException(BusinessException, HttpServletRequest)
2025-12-02 20:17:00.093 [http-nio-8081-exec-7] DEBUG o.s.w.s.m.m.a.RequestResponseBodyMethodProcessor - Using 'application/json', given [*/*] and supported [application/json, application/*+json, application/json, application/*+json]
2025-12-02 20:17:00.093 [http-nio-8081-exec-7] DEBUG o.s.w.s.m.m.a.RequestResponseBodyMethodProcessor - Writing [Result{code=40001, message='账号或密码错误', data=null, timestamp=1764677820093}]
2025-12-02 20:17:00.094 [http-nio-8081-exec-7] DEBUG o.s.w.s.m.m.a.ExceptionHandlerExceptionResolver - Resolved [com.template.common.BusinessException: 账号或密码错误]
2025-12-02 20:17:00.094 [http-nio-8081-exec-7] DEBUG org.springframework.web.servlet.DispatcherServlet - Completed 200 OK
2025-12-02 20:17:03.919 [http-nio-8081-exec-10] DEBUG org.springframework.web.servlet.DispatcherServlet - POST "/staff/login", parameters={}
2025-12-02 20:17:03.920 [http-nio-8081-exec-10] DEBUG o.s.w.s.m.m.a.RequestMappingHandlerMapping - Mapped to com.template.controller.StaffController#login(StaffLoginRequest)
2025-12-02 20:17:03.920 [http-nio-8081-exec-10] DEBUG o.s.w.s.m.m.a.RequestResponseBodyMethodProcessor - Read "application/json;charset=UTF-8" to [StaffLoginRequest(loginName=admin, password=123456)]
2025-12-02 20:17:04.002 [http-nio-8081-exec-10] DEBUG o.s.w.s.m.m.a.RequestResponseBodyMethodProcessor - Using 'application/json', given [*/*] and supported [application/json, application/*+json, application/json, application/*+json]
2025-12-02 20:17:04.003 [http-nio-8081-exec-10] DEBUG o.s.w.s.m.m.a.RequestResponseBodyMethodProcessor - Writing [Result{code=200, message='登录成功', data=StaffLoginResponse(token=eyJhbGciOiJIUzI1NiJ9.eyJ1c2VySWQiOjEs (truncated)...]
2025-12-02 20:17:04.003 [http-nio-8081-exec-10] DEBUG org.springframework.web.servlet.DispatcherServlet - Completed 200 OK
2025-12-02 20:17:05.115 [http-nio-8081-exec-1] DEBUG org.springframework.web.servlet.DispatcherServlet - GET "/admin/dashboard/stats", parameters={}
2025-12-02 20:17:05.115 [http-nio-8081-exec-1] DEBUG o.s.w.s.m.m.a.RequestMappingHandlerMapping - Mapped to com.template.controller.AdminDashboardController#getDashboardStats()
2025-12-02 20:17:05.173 [http-nio-8081-exec-1] DEBUG o.s.w.s.m.m.a.RequestResponseBodyMethodProcessor - Using 'application/json', given [*/*] and supported [application/json, application/*+json, application/json, application/*+json]
2025-12-02 20:17:05.173 [http-nio-8081-exec-1] DEBUG o.s.w.s.m.m.a.RequestResponseBodyMethodProcessor - Writing [Result{code=200, message='操作成功', data=AdminStatsVO(patientCount=6, doctorCount=4, todayAppointment=0 (truncated)...]
2025-12-02 20:17:05.175 [http-nio-8081-exec-1] DEBUG org.springframework.web.servlet.DispatcherServlet - Completed 200 OK
2025-12-02 20:17:19.076 [http-nio-8081-exec-2] DEBUG org.springframework.web.servlet.DispatcherServlet - GET "/appointment/schedules?deptId=1", parameters={masked}
2025-12-02 20:17:19.077 [http-nio-8081-exec-2] DEBUG o.s.w.s.m.m.a.RequestMappingHandlerMapping - Mapped to com.template.controller.AppointmentController#getAvailableSchedules(ScheduleQueryRequest)
2025-12-02 20:17:19.109 [http-nio-8081-exec-2] DEBUG o.s.w.s.m.m.a.RequestResponseBodyMethodProcessor - Using 'application/json', given [*/*] and supported [application/json, application/*+json, application/json, application/*+json]
2025-12-02 20:17:19.109 [http-nio-8081-exec-2] DEBUG o.s.w.s.m.m.a.RequestResponseBodyMethodProcessor - Writing [Result{code=200, message='操作成功', data=[DoctorScheduleVO(scheduleId=100, staffId=2, staffName=李医生, de (truncated)...]
2025-12-02 20:17:19.115 [http-nio-8081-exec-2] DEBUG org.springframework.web.servlet.DispatcherServlet - Completed 200 OK
2025-12-02 20:17:27.241 [http-nio-8081-exec-5] DEBUG org.springframework.web.servlet.DispatcherServlet - POST "/appointment", parameters={}
2025-12-02 20:17:27.242 [http-nio-8081-exec-5] DEBUG o.s.w.s.m.m.a.RequestMappingHandlerMapping - Mapped to com.template.controller.AppointmentController#createAppointment(AppointmentCreateRequest, HttpServletRequest)
2025-12-02 20:17:27.252 [http-nio-8081-exec-5] DEBUG o.s.w.s.m.m.a.RequestResponseBodyMethodProcessor - Read "application/json;charset=UTF-8" to [AppointmentCreateRequest(scheduleId=103, patientId=null)]
2025-12-02 20:17:27.468 [http-nio-8081-exec-5] DEBUG o.s.w.s.m.m.a.RequestResponseBodyMethodProcessor - Using 'application/json', given [*/*] and supported [application/json, application/*+json, application/json, application/*+json]
2025-12-02 20:17:27.469 [http-nio-8081-exec-5] DEBUG o.s.w.s.m.m.a.RequestResponseBodyMethodProcessor - Writing [Result{code=200, message='挂号成功', data=112, timestamp=1764677847468}]
2025-12-02 20:17:27.471 [http-nio-8081-exec-5] DEBUG org.springframework.web.servlet.DispatcherServlet - Completed 200 OK
2025-12-02 20:17:29.048 [http-nio-8081-exec-7] DEBUG org.springframework.web.servlet.DispatcherServlet - GET "/appointment/my", parameters={}
2025-12-02 20:17:29.049 [http-nio-8081-exec-7] DEBUG o.s.w.s.m.m.a.RequestMappingHandlerMapping - Mapped to com.template.controller.AppointmentController#getMyAppointments(HttpServletRequest)
2025-12-02 20:17:29.064 [http-nio-8081-exec-7] DEBUG o.s.w.s.m.m.a.RequestResponseBodyMethodProcessor - Using 'application/json', given [*/*] and supported [application/json, application/*+json, application/json, application/*+json]
2025-12-02 20:17:29.064 [http-nio-8081-exec-7] DEBUG o.s.w.s.m.m.a.RequestResponseBodyMethodProcessor - Writing [Result{code=200, message='操作成功', data=[AppointmentVO(appointmentId=112, scheduleId=103, patientId=1, (truncated)...]
2025-12-02 20:17:29.066 [http-nio-8081-exec-7] DEBUG org.springframework.web.servlet.DispatcherServlet - Completed 200 OK
2025-12-02 20:18:23.892 [http-nio-8081-exec-10] DEBUG org.springframework.web.servlet.DispatcherServlet - POST "/staff/login", parameters={}
2025-12-02 20:18:23.893 [http-nio-8081-exec-10] DEBUG o.s.w.s.m.m.a.RequestMappingHandlerMapping - Mapped to com.template.controller.StaffController#login(StaffLoginRequest)
2025-12-02 20:18:23.893 [http-nio-8081-exec-10] DEBUG o.s.w.s.m.m.a.RequestResponseBodyMethodProcessor - Read "application/json;charset=UTF-8" to [StaffLoginRequest(loginName=admin, password=123456)]
2025-12-02 20:18:24.017 [http-nio-8081-exec-10] DEBUG o.s.w.s.m.m.a.RequestResponseBodyMethodProcessor - Using 'application/json', given [*/*] and supported [application/json, application/*+json, application/json, application/*+json]
2025-12-02 20:18:24.017 [http-nio-8081-exec-10] DEBUG o.s.w.s.m.m.a.RequestResponseBodyMethodProcessor - Writing [Result{code=200, message='登录成功', data=StaffLoginResponse(token=eyJhbGciOiJIUzI1NiJ9.eyJ1c2VySWQiOjEs (truncated)...]
2025-12-02 20:18:24.018 [http-nio-8081-exec-10] DEBUG org.springframework.web.servlet.DispatcherServlet - Completed 200 OK
2025-12-02 20:18:25.134 [http-nio-8081-exec-1] DEBUG org.springframework.web.servlet.DispatcherServlet - GET "/admin/dashboard/stats", parameters={}
2025-12-02 20:18:25.134 [http-nio-8081-exec-1] DEBUG o.s.w.s.m.m.a.RequestMappingHandlerMapping - Mapped to com.template.controller.AdminDashboardController#getDashboardStats()
2025-12-02 20:18:25.195 [http-nio-8081-exec-1] DEBUG o.s.w.s.m.m.a.RequestResponseBodyMethodProcessor - Using 'application/json', given [*/*] and supported [application/json, application/*+json, application/json, application/*+json]
2025-12-02 20:18:25.196 [http-nio-8081-exec-1] DEBUG o.s.w.s.m.m.a.RequestResponseBodyMethodProcessor - Writing [Result{code=200, message='操作成功', data=AdminStatsVO(patientCount=6, doctorCount=4, todayAppointment=1 (truncated)...]
2025-12-02 20:18:25.198 [http-nio-8081-exec-1] DEBUG org.springframework.web.servlet.DispatcherServlet - Completed 200 OK
2025-12-02 20:19:08.786 [http-nio-8081-exec-2] DEBUG org.springframework.web.servlet.DispatcherServlet - POST "/patient/register", parameters={}
2025-12-02 20:19:08.787 [http-nio-8081-exec-2] DEBUG o.s.w.s.m.m.a.RequestMappingHandlerMapping - Mapped to com.template.controller.PatientController#register(PatientRegisterRequest)
2025-12-02 20:19:08.794 [http-nio-8081-exec-2] DEBUG o.s.w.s.m.m.a.RequestResponseBodyMethodProcessor - Read "application/json;charset=UTF-8" to [PatientRegisterRequest(patientName=xsy, gender=女, dateOfBirth=2005-08-16, idCardNumber=5105242005081 (truncated)...]
2025-12-02 20:19:08.814 [http-nio-8081-exec-2] DEBUG o.s.w.s.m.m.a.ExceptionHandlerExceptionResolver - Using @ExceptionHandler com.template.exception.GlobalExceptionHandler#handleBusinessException(BusinessException, HttpServletRequest)
2025-12-02 20:19:08.815 [http-nio-8081-exec-2] DEBUG o.s.w.s.m.m.a.RequestResponseBodyMethodProcessor - Using 'application/json', given [*/*] and supported [application/json, application/*+json, application/json, application/*+json]
2025-12-02 20:19:08.815 [http-nio-8081-exec-2] DEBUG o.s.w.s.m.m.a.RequestResponseBodyMethodProcessor - Writing [Result{code=40001, message='该手机号已被注册', data=null, timestamp=1764677948815}]
2025-12-02 20:19:08.818 [http-nio-8081-exec-2] DEBUG o.s.w.s.m.m.a.ExceptionHandlerExceptionResolver - Resolved [com.template.common.BusinessException: 该手机号已被注册]
2025-12-02 20:19:08.818 [http-nio-8081-exec-2] DEBUG org.springframework.web.servlet.DispatcherServlet - Completed 200 OK
2025-12-02 20:19:10.594 [http-nio-8081-exec-5] DEBUG org.springframework.web.servlet.DispatcherServlet - POST "/patient/register", parameters={}
2025-12-02 20:19:10.595 [http-nio-8081-exec-5] DEBUG o.s.w.s.m.m.a.RequestMappingHandlerMapping - Mapped to com.template.controller.PatientController#register(PatientRegisterRequest)
2025-12-02 20:19:10.597 [http-nio-8081-exec-5] DEBUG o.s.w.s.m.m.a.RequestResponseBodyMethodProcessor - Read "application/json;charset=UTF-8" to [PatientRegisterRequest(patientName=xsy, gender=女, dateOfBirth=2005-08-16, idCardNumber=5105242005081 (truncated)...]
2025-12-02 20:19:10.604 [http-nio-8081-exec-5] DEBUG o.s.w.s.m.m.a.ExceptionHandlerExceptionResolver - Using @ExceptionHandler com.template.exception.GlobalExceptionHandler#handleBusinessException(BusinessException, HttpServletRequest)
2025-12-02 20:19:10.605 [http-nio-8081-exec-5] DEBUG o.s.w.s.m.m.a.RequestResponseBodyMethodProcessor - Using 'application/json', given [*/*] and supported [application/json, application/*+json, application/json, application/*+json]
2025-12-02 20:19:10.605 [http-nio-8081-exec-5] DEBUG o.s.w.s.m.m.a.RequestResponseBodyMethodProcessor - Writing [Result{code=40001, message='该手机号已被注册', data=null, timestamp=1764677950604}]
2025-12-02 20:19:10.606 [http-nio-8081-exec-5] DEBUG o.s.w.s.m.m.a.ExceptionHandlerExceptionResolver - Resolved [com.template.common.BusinessException: 该手机号已被注册]
2025-12-02 20:19:10.606 [http-nio-8081-exec-5] DEBUG org.springframework.web.servlet.DispatcherServlet - Completed 200 OK
2025-12-02 20:19:20.848 [http-nio-8081-exec-7] DEBUG org.springframework.web.servlet.DispatcherServlet - POST "/patient/register", parameters={}
2025-12-02 20:19:20.849 [http-nio-8081-exec-7] DEBUG o.s.w.s.m.m.a.RequestMappingHandlerMapping - Mapped to com.template.controller.PatientController#register(PatientRegisterRequest)
2025-12-02 20:19:20.850 [http-nio-8081-exec-7] DEBUG o.s.w.s.m.m.a.RequestResponseBodyMethodProcessor - Read "application/json;charset=UTF-8" to [PatientRegisterRequest(patientName=xsy, gender=女, dateOfBirth=2005-08-16, idCardNumber=5105242005081 (truncated)...]
2025-12-02 20:19:21.013 [http-nio-8081-exec-7] DEBUG o.s.w.s.m.m.a.RequestResponseBodyMethodProcessor - Using 'application/json', given [*/*] and supported [application/json, application/*+json, application/json, application/*+json]
2025-12-02 20:19:21.013 [http-nio-8081-exec-7] DEBUG o.s.w.s.m.m.a.RequestResponseBodyMethodProcessor - Writing [Result{code=200, message='注册成功', data=12, timestamp=1764677961013}]
2025-12-02 20:19:21.013 [http-nio-8081-exec-7] DEBUG org.springframework.web.servlet.DispatcherServlet - Completed 200 OK
2025-12-02 20:19:31.433 [http-nio-8081-exec-10] DEBUG org.springframework.web.servlet.DispatcherServlet - POST "/patient/login", parameters={}
2025-12-02 20:19:31.434 [http-nio-8081-exec-10] DEBUG o.s.w.s.m.m.a.RequestMappingHandlerMapping - Mapped to com.template.controller.PatientController#login(PatientLoginRequest)
2025-12-02 20:19:31.434 [http-nio-8081-exec-10] DEBUG o.s.w.s.m.m.a.RequestResponseBodyMethodProcessor - Read "application/json;charset=UTF-8" to [PatientLoginRequest(account=18090167262, password=123456)]
2025-12-02 20:19:31.612 [http-nio-8081-exec-10] DEBUG o.s.w.s.m.m.a.RequestResponseBodyMethodProcessor - Using 'application/json', given [*/*] and supported [application/json, application/*+json, application/json, application/*+json]
2025-12-02 20:19:31.612 [http-nio-8081-exec-10] DEBUG o.s.w.s.m.m.a.RequestResponseBodyMethodProcessor - Writing [Result{code=200, message='登录成功', data=PatientLoginVO(patientId=12, patientName=xsy, token=eyJhbGciOi (truncated)...]
2025-12-02 20:19:31.612 [http-nio-8081-exec-10] DEBUG org.springframework.web.servlet.DispatcherServlet - Completed 200 OK
2025-12-02 20:19:32.666 [http-nio-8081-exec-1] DEBUG org.springframework.web.servlet.DispatcherServlet - GET "/appointment/my", parameters={}
2025-12-02 20:19:32.667 [http-nio-8081-exec-1] DEBUG o.s.w.s.m.m.a.RequestMappingHandlerMapping - Mapped to com.template.controller.AppointmentController#getMyAppointments(HttpServletRequest)
2025-12-02 20:19:32.675 [http-nio-8081-exec-1] DEBUG o.s.w.s.m.m.a.RequestResponseBodyMethodProcessor - Using 'application/json', given [*/*] and supported [application/json, application/*+json, application/json, application/*+json]
2025-12-02 20:19:32.675 [http-nio-8081-exec-1] DEBUG o.s.w.s.m.m.a.RequestResponseBodyMethodProcessor - Writing [Result{code=200, message='操作成功', data=[], timestamp=1764677972674}]
2025-12-02 20:19:32.675 [http-nio-8081-exec-1] DEBUG org.springframework.web.servlet.DispatcherServlet - Completed 200 OK
2025-12-02 20:19:40.985 [http-nio-8081-exec-2] DEBUG org.springframework.web.servlet.DispatcherServlet - GET "/appointment/schedules?deptId=1", parameters={masked}
2025-12-02 20:19:40.986 [http-nio-8081-exec-2] DEBUG o.s.w.s.m.m.a.RequestMappingHandlerMapping - Mapped to com.template.controller.AppointmentController#getAvailableSchedules(ScheduleQueryRequest)
2025-12-02 20:19:40.993 [http-nio-8081-exec-2] DEBUG o.s.w.s.m.m.a.RequestResponseBodyMethodProcessor - Using 'application/json', given [*/*] and supported [application/json, application/*+json, application/json, application/*+json]
2025-12-02 20:19:40.993 [http-nio-8081-exec-2] DEBUG o.s.w.s.m.m.a.RequestResponseBodyMethodProcessor - Writing [Result{code=200, message='操作成功', data=[DoctorScheduleVO(scheduleId=100, staffId=2, staffName=李医生, de (truncated)...]
2025-12-02 20:19:40.994 [http-nio-8081-exec-2] DEBUG org.springframework.web.servlet.DispatcherServlet - Completed 200 OK
2025-12-02 20:19:45.419 [http-nio-8081-exec-5] DEBUG org.springframework.web.servlet.DispatcherServlet - POST "/appointment", parameters={}
2025-12-02 20:19:45.420 [http-nio-8081-exec-5] DEBUG o.s.w.s.m.m.a.RequestMappingHandlerMapping - Mapped to com.template.controller.AppointmentController#createAppointment(AppointmentCreateRequest, HttpServletRequest)
2025-12-02 20:19:45.426 [http-nio-8081-exec-5] DEBUG o.s.w.s.m.m.a.RequestResponseBodyMethodProcessor - Read "application/json;charset=UTF-8" to [AppointmentCreateRequest(scheduleId=103, patientId=null)]
2025-12-02 20:19:45.473 [http-nio-8081-exec-5] DEBUG o.s.w.s.m.m.a.RequestResponseBodyMethodProcessor - Using 'application/json', given [*/*] and supported [application/json, application/*+json, application/json, application/*+json]
2025-12-02 20:19:45.473 [http-nio-8081-exec-5] DEBUG o.s.w.s.m.m.a.RequestResponseBodyMethodProcessor - Writing [Result{code=200, message='挂号成功', data=113, timestamp=1764677985473}]
2025-12-02 20:19:45.474 [http-nio-8081-exec-5] DEBUG org.springframework.web.servlet.DispatcherServlet - Completed 200 OK
2025-12-02 20:19:47.043 [http-nio-8081-exec-7] DEBUG org.springframework.web.servlet.DispatcherServlet - GET "/appointment/my", parameters={}
2025-12-02 20:19:47.043 [http-nio-8081-exec-7] DEBUG o.s.w.s.m.m.a.RequestMappingHandlerMapping - Mapped to com.template.controller.AppointmentController#getMyAppointments(HttpServletRequest)
2025-12-02 20:19:47.053 [http-nio-8081-exec-7] DEBUG o.s.w.s.m.m.a.RequestResponseBodyMethodProcessor - Using 'application/json', given [*/*] and supported [application/json, application/*+json, application/json, application/*+json]
2025-12-02 20:19:47.053 [http-nio-8081-exec-7] DEBUG o.s.w.s.m.m.a.RequestResponseBodyMethodProcessor - Writing [Result{code=200, message='操作成功', data=[AppointmentVO(appointmentId=113, scheduleId=103, patientId=12 (truncated)...]
2025-12-02 20:19:47.055 [http-nio-8081-exec-7] DEBUG org.springframework.web.servlet.DispatcherServlet - Completed 200 OK
2025-12-02 20:19:54.496 [http-nio-8081-exec-10] DEBUG org.springframework.web.servlet.DispatcherServlet - GET "/doctor/appointments/pending", parameters={}
2025-12-02 20:19:54.496 [http-nio-8081-exec-10] DEBUG o.s.w.s.m.m.a.RequestMappingHandlerMapping - Mapped to com.template.controller.DoctorController#getPendingAppointments(HttpServletRequest)
2025-12-02 20:19:54.507 [http-nio-8081-exec-10] DEBUG o.s.w.s.m.m.a.RequestResponseBodyMethodProcessor - Using 'application/json', given [*/*] and supported [application/json, application/*+json, application/json, application/*+json]
2025-12-02 20:19:54.507 [http-nio-8081-exec-10] DEBUG o.s.w.s.m.m.a.RequestResponseBodyMethodProcessor - Writing [Result{code=200, message='操作成功', data=[], timestamp=1764677994507}]
2025-12-02 20:19:54.508 [http-nio-8081-exec-10] DEBUG org.springframework.web.servlet.DispatcherServlet - Completed 200 OK
2025-12-02 20:19:55.726 [http-nio-8081-exec-1] DEBUG org.springframework.web.servlet.DispatcherServlet - GET "/doctor/appointments/pending", parameters={}
2025-12-02 20:19:55.726 [http-nio-8081-exec-1] DEBUG o.s.w.s.m.m.a.RequestMappingHandlerMapping - Mapped to com.template.controller.DoctorController#getPendingAppointments(HttpServletRequest)
2025-12-02 20:19:55.740 [http-nio-8081-exec-1] DEBUG o.s.w.s.m.m.a.RequestResponseBodyMethodProcessor - Using 'application/json', given [*/*] and supported [application/json, application/*+json, application/json, application/*+json]
2025-12-02 20:19:55.740 [http-nio-8081-exec-1] DEBUG o.s.w.s.m.m.a.RequestResponseBodyMethodProcessor - Writing [Result{code=200, message='操作成功', data=[], timestamp=1764677995740}]
2025-12-02 20:19:55.741 [http-nio-8081-exec-1] DEBUG org.springframework.web.servlet.DispatcherServlet - Completed 200 OK
2025-12-02 20:20:01.231 [http-nio-8081-exec-2] DEBUG org.springframework.web.servlet.DispatcherServlet - POST "/staff/login", parameters={}
2025-12-02 20:20:01.232 [http-nio-8081-exec-2] DEBUG o.s.w.s.m.m.a.RequestMappingHandlerMapping - Mapped to com.template.controller.StaffController#login(StaffLoginRequest)
2025-12-02 20:20:01.232 [http-nio-8081-exec-2] DEBUG o.s.w.s.m.m.a.RequestResponseBodyMethodProcessor - Read "application/json;charset=UTF-8" to [StaffLoginRequest(loginName=doctor1, password=123465)]
2025-12-02 20:20:01.390 [http-nio-8081-exec-2] DEBUG o.s.w.s.m.m.a.ExceptionHandlerExceptionResolver - Using @ExceptionHandler com.template.exception.GlobalExceptionHandler#handleBusinessException(BusinessException, HttpServletRequest)
2025-12-02 20:20:01.391 [http-nio-8081-exec-2] DEBUG o.s.w.s.m.m.a.RequestResponseBodyMethodProcessor - Using 'application/json', given [*/*] and supported [application/json, application/*+json, application/json, application/*+json]
2025-12-02 20:20:01.391 [http-nio-8081-exec-2] DEBUG o.s.w.s.m.m.a.RequestResponseBodyMethodProcessor - Writing [Result{code=40001, message='账号或密码错误', data=null, timestamp=1764678001390}]
2025-12-02 20:20:01.392 [http-nio-8081-exec-2] DEBUG o.s.w.s.m.m.a.ExceptionHandlerExceptionResolver - Resolved [com.template.common.BusinessException: 账号或密码错误]
2025-12-02 20:20:01.392 [http-nio-8081-exec-2] DEBUG org.springframework.web.servlet.DispatcherServlet - Completed 200 OK
2025-12-02 20:20:05.364 [http-nio-8081-exec-5] DEBUG org.springframework.web.servlet.DispatcherServlet - POST "/staff/login", parameters={}
2025-12-02 20:20:05.364 [http-nio-8081-exec-5] DEBUG o.s.w.s.m.m.a.RequestMappingHandlerMapping - Mapped to com.template.controller.StaffController#login(StaffLoginRequest)
2025-12-02 20:20:05.365 [http-nio-8081-exec-5] DEBUG o.s.w.s.m.m.a.RequestResponseBodyMethodProcessor - Read "application/json;charset=UTF-8" to [StaffLoginRequest(loginName=doctor1, password=123456)]
2025-12-02 20:20:05.476 [http-nio-8081-exec-5] DEBUG o.s.w.s.m.m.a.RequestResponseBodyMethodProcessor - Using 'application/json', given [*/*] and supported [application/json, application/*+json, application/json, application/*+json]
2025-12-02 20:20:05.477 [http-nio-8081-exec-5] DEBUG o.s.w.s.m.m.a.RequestResponseBodyMethodProcessor - Writing [Result{code=200, message='登录成功', data=StaffLoginResponse(token=eyJhbGciOiJIUzI1NiJ9.eyJ1c2VySWQiOjIs (truncated)...]
2025-12-02 20:20:05.479 [http-nio-8081-exec-5] DEBUG org.springframework.web.servlet.DispatcherServlet - Completed 200 OK
2025-12-02 20:20:06.570 [http-nio-8081-exec-7] DEBUG org.springframework.web.servlet.DispatcherServlet - GET "/doctor/appointments/pending", parameters={}
2025-12-02 20:20:06.570 [http-nio-8081-exec-7] DEBUG o.s.w.s.m.m.a.RequestMappingHandlerMapping - Mapped to com.template.controller.DoctorController#getPendingAppointments(HttpServletRequest)
2025-12-02 20:20:06.620 [http-nio-8081-exec-7] DEBUG o.s.w.s.m.m.a.RequestResponseBodyMethodProcessor - Using 'application/json', given [*/*] and supported [application/json, application/*+json, application/json, application/*+json]
2025-12-02 20:20:06.620 [http-nio-8081-exec-7] DEBUG o.s.w.s.m.m.a.RequestResponseBodyMethodProcessor - Writing [Result{code=200, message='操作成功', data=[DoctorAppointmentVO(appointmentId=112, patientId=1, patientNa (truncated)...]
2025-12-02 20:20:06.622 [http-nio-8081-exec-7] DEBUG org.springframework.web.servlet.DispatcherServlet - Completed 200 OK
2025-12-02 20:20:34.070 [http-nio-8081-exec-10] DEBUG org.springframework.web.servlet.DispatcherServlet - GET "/medicine?page=1&pageSize=100", parameters={masked}
2025-12-02 20:20:34.071 [http-nio-8081-exec-10] DEBUG o.s.w.s.m.m.a.RequestMappingHandlerMapping - Mapped to com.template.controller.MedicineController#getMedicinePage(MedicineQueryRequest)
2025-12-02 20:20:34.124 [http-nio-8081-exec-10] DEBUG o.s.w.s.m.m.a.RequestResponseBodyMethodProcessor - Using 'application/json', given [*/*] and supported [application/json, application/*+json, application/json, application/*+json]
2025-12-02 20:20:34.124 [http-nio-8081-exec-10] DEBUG o.s.w.s.m.m.a.RequestResponseBodyMethodProcessor - Writing [Result{code=200, message='操作成功', data=com.baomidou.mybatisplus.extension.plugins.pagination.Page@1ef (truncated)...]
2025-12-02 20:20:34.126 [http-nio-8081-exec-10] DEBUG org.springframework.web.servlet.DispatcherServlet - Completed 200 OK
2025-12-02 20:21:07.419 [http-nio-8081-exec-1] DEBUG org.springframework.web.servlet.DispatcherServlet - POST "/doctor/prescription", parameters={}
2025-12-02 20:21:07.419 [http-nio-8081-exec-1] DEBUG o.s.w.s.m.m.a.RequestMappingHandlerMapping - Mapped to com.template.controller.DoctorController#createPrescription(PrescriptionCreateRequest, HttpServletRequest)
2025-12-02 20:21:07.435 [http-nio-8081-exec-1] DEBUG o.s.w.s.m.m.a.RequestResponseBodyMethodProcessor - Read "application/json;charset=UTF-8" to [PrescriptionCreateRequest(recordId=106, items=[PrescriptionCreateRequest.PrescriptionItemRequest(med (truncated)...]
2025-12-02 20:21:07.452 [http-nio-8081-exec-1] DEBUG o.s.w.s.m.m.a.ExceptionHandlerExceptionResolver - Using @ExceptionHandler com.template.exception.GlobalExceptionHandler#handleBusinessException(BusinessException, HttpServletRequest)
2025-12-02 20:21:07.453 [http-nio-8081-exec-1] DEBUG o.s.w.s.m.m.a.RequestResponseBodyMethodProcessor - Using 'application/json', given [*/*] and supported [application/json, application/*+json, application/json, application/*+json]
2025-12-02 20:21:07.453 [http-nio-8081-exec-1] DEBUG o.s.w.s.m.m.a.RequestResponseBodyMethodProcessor - Writing [Result{code=40001, message='无权为该病历开具处方', data=null, timestamp=1764678067452}]
2025-12-02 20:21:07.454 [http-nio-8081-exec-1] DEBUG o.s.w.s.m.m.a.ExceptionHandlerExceptionResolver - Resolved [com.template.common.BusinessException: 无权为该病历开具处方]
2025-12-02 20:21:07.454 [http-nio-8081-exec-1] DEBUG org.springframework.web.servlet.DispatcherServlet - Completed 200 OK
2025-12-02 20:21:11.792 [http-nio-8081-exec-2] DEBUG org.springframework.web.servlet.DispatcherServlet - POST "/doctor/prescription", parameters={}
2025-12-02 20:21:11.794 [http-nio-8081-exec-2] DEBUG o.s.w.s.m.m.a.RequestMappingHandlerMapping - Mapped to com.template.controller.DoctorController#createPrescription(PrescriptionCreateRequest, HttpServletRequest)
2025-12-02 20:21:11.799 [http-nio-8081-exec-2] DEBUG o.s.w.s.m.m.a.RequestResponseBodyMethodProcessor - Read "application/json;charset=UTF-8" to [PrescriptionCreateRequest(recordId=106, items=[PrescriptionCreateRequest.PrescriptionItemRequest(med (truncated)...]
2025-12-02 20:21:11.807 [http-nio-8081-exec-2] DEBUG o.s.w.s.m.m.a.ExceptionHandlerExceptionResolver - Using @ExceptionHandler com.template.exception.GlobalExceptionHandler#handleBusinessException(BusinessException, HttpServletRequest)
2025-12-02 20:21:11.807 [http-nio-8081-exec-2] DEBUG o.s.w.s.m.m.a.RequestResponseBodyMethodProcessor - Using 'application/json', given [*/*] and supported [application/json, application/*+json, application/json, application/*+json]
2025-12-02 20:21:11.807 [http-nio-8081-exec-2] DEBUG o.s.w.s.m.m.a.RequestResponseBodyMethodProcessor - Writing [Result{code=40001, message='无权为该病历开具处方', data=null, timestamp=1764678071807}]
2025-12-02 20:21:11.808 [http-nio-8081-exec-2] DEBUG o.s.w.s.m.m.a.ExceptionHandlerExceptionResolver - Resolved [com.template.common.BusinessException: 无权为该病历开具处方]
2025-12-02 20:21:11.809 [http-nio-8081-exec-2] DEBUG org.springframework.web.servlet.DispatcherServlet - Completed 200 OK
2025-12-02 20:21:17.954 [http-nio-8081-exec-5] DEBUG org.springframework.web.servlet.DispatcherServlet - POST "/doctor/prescription", parameters={}
2025-12-02 20:21:17.955 [http-nio-8081-exec-5] DEBUG o.s.w.s.m.m.a.RequestMappingHandlerMapping - Mapped to com.template.controller.DoctorController#createPrescription(PrescriptionCreateRequest, HttpServletRequest)
2025-12-02 20:21:17.962 [http-nio-8081-exec-5] DEBUG o.s.w.s.m.m.a.RequestResponseBodyMethodProcessor - Read "application/json;charset=UTF-8" to [PrescriptionCreateRequest(recordId=106, items=[PrescriptionCreateRequest.PrescriptionItemRequest(med (truncated)...]
2025-12-02 20:21:17.970 [http-nio-8081-exec-5] DEBUG o.s.w.s.m.m.a.ExceptionHandlerExceptionResolver - Using @ExceptionHandler com.template.exception.GlobalExceptionHandler#handleBusinessException(BusinessException, HttpServletRequest)
2025-12-02 20:21:17.970 [http-nio-8081-exec-5] DEBUG o.s.w.s.m.m.a.RequestResponseBodyMethodProcessor - Using 'application/json', given [*/*] and supported [application/json, application/*+json, application/json, application/*+json]
2025-12-02 20:21:17.970 [http-nio-8081-exec-5] DEBUG o.s.w.s.m.m.a.RequestResponseBodyMethodProcessor - Writing [Result{code=40001, message='无权为该病历开具处方', data=null, timestamp=1764678077970}]
2025-12-02 20:21:17.971 [http-nio-8081-exec-5] DEBUG o.s.w.s.m.m.a.ExceptionHandlerExceptionResolver - Resolved [com.template.common.BusinessException: 无权为该病历开具处方]
2025-12-02 20:21:17.971 [http-nio-8081-exec-5] DEBUG org.springframework.web.servlet.DispatcherServlet - Completed 200 OK
2025-12-02 20:21:30.151 [http-nio-8081-exec-7] DEBUG org.springframework.web.servlet.DispatcherServlet - GET "/medicine?page=1&pageSize=100", parameters={masked}
2025-12-02 20:21:30.151 [http-nio-8081-exec-7] DEBUG o.s.w.s.m.m.a.RequestMappingHandlerMapping - Mapped to com.template.controller.MedicineController#getMedicinePage(MedicineQueryRequest)
2025-12-02 20:21:30.189 [http-nio-8081-exec-7] DEBUG o.s.w.s.m.m.a.RequestResponseBodyMethodProcessor - Using 'application/json', given [*/*] and supported [application/json, application/*+json, application/json, application/*+json]
2025-12-02 20:21:30.190 [http-nio-8081-exec-7] DEBUG o.s.w.s.m.m.a.RequestResponseBodyMethodProcessor - Writing [Result{code=200, message='操作成功', data=com.baomidou.mybatisplus.extension.plugins.pagination.Page@68c (truncated)...]
2025-12-02 20:21:30.195 [http-nio-8081-exec-7] DEBUG org.springframework.web.servlet.DispatcherServlet - Completed 200 OK
2025-12-02 20:21:38.276 [http-nio-8081-exec-10] DEBUG org.springframework.web.servlet.DispatcherServlet - POST "/doctor/prescription", parameters={}
2025-12-02 20:21:38.277 [http-nio-8081-exec-10] DEBUG o.s.w.s.m.m.a.RequestMappingHandlerMapping - Mapped to com.template.controller.DoctorController#createPrescription(PrescriptionCreateRequest, HttpServletRequest)
2025-12-02 20:21:38.290 [http-nio-8081-exec-10] DEBUG o.s.w.s.m.m.a.RequestResponseBodyMethodProcessor - Read "application/json;charset=UTF-8" to [PrescriptionCreateRequest(recordId=106, items=[PrescriptionCreateRequest.PrescriptionItemRequest(med (truncated)...]
2025-12-02 20:21:38.298 [http-nio-8081-exec-10] DEBUG o.s.w.s.m.m.a.ExceptionHandlerExceptionResolver - Using @ExceptionHandler com.template.exception.GlobalExceptionHandler#handleBusinessException(BusinessException, HttpServletRequest)
2025-12-02 20:21:38.299 [http-nio-8081-exec-10] DEBUG o.s.w.s.m.m.a.RequestResponseBodyMethodProcessor - Using 'application/json', given [*/*] and supported [application/json, application/*+json, application/json, application/*+json]
2025-12-02 20:21:38.299 [http-nio-8081-exec-10] DEBUG o.s.w.s.m.m.a.RequestResponseBodyMethodProcessor - Writing [Result{code=40001, message='无权为该病历开具处方', data=null, timestamp=1764678098298}]
2025-12-02 20:21:38.299 [http-nio-8081-exec-10] DEBUG o.s.w.s.m.m.a.ExceptionHandlerExceptionResolver - Resolved [com.template.common.BusinessException: 无权为该病历开具处方]
2025-12-02 20:21:38.300 [http-nio-8081-exec-10] DEBUG org.springframework.web.servlet.DispatcherServlet - Completed 200 OK
2025-12-02 20:21:39.695 [http-nio-8081-exec-1] DEBUG org.springframework.web.servlet.DispatcherServlet - POST "/doctor/prescription", parameters={}
2025-12-02 20:21:39.695 [http-nio-8081-exec-1] DEBUG o.s.w.s.m.m.a.RequestMappingHandlerMapping - Mapped to com.template.controller.DoctorController#createPrescription(PrescriptionCreateRequest, HttpServletRequest)
2025-12-02 20:21:39.699 [http-nio-8081-exec-1] DEBUG o.s.w.s.m.m.a.RequestResponseBodyMethodProcessor - Read "application/json;charset=UTF-8" to [PrescriptionCreateRequest(recordId=106, items=[PrescriptionCreateRequest.PrescriptionItemRequest(med (truncated)...]
2025-12-02 20:21:39.705 [http-nio-8081-exec-1] DEBUG o.s.w.s.m.m.a.ExceptionHandlerExceptionResolver - Using @ExceptionHandler com.template.exception.GlobalExceptionHandler#handleBusinessException(BusinessException, HttpServletRequest)
2025-12-02 20:21:39.705 [http-nio-8081-exec-1] DEBUG o.s.w.s.m.m.a.RequestResponseBodyMethodProcessor - Using 'application/json', given [*/*] and supported [application/json, application/*+json, application/json, application/*+json]
2025-12-02 20:21:39.706 [http-nio-8081-exec-1] DEBUG o.s.w.s.m.m.a.RequestResponseBodyMethodProcessor - Writing [Result{code=40001, message='无权为该病历开具处方', data=null, timestamp=1764678099705}]
2025-12-02 20:21:39.706 [http-nio-8081-exec-1] DEBUG o.s.w.s.m.m.a.ExceptionHandlerExceptionResolver - Resolved [com.template.common.BusinessException: 无权为该病历开具处方]
2025-12-02 20:21:39.706 [http-nio-8081-exec-1] DEBUG org.springframework.web.servlet.DispatcherServlet - Completed 200 OK
2025-12-02 20:21:39.839 [http-nio-8081-exec-2] DEBUG org.springframework.web.servlet.DispatcherServlet - POST "/doctor/prescription", parameters={}
2025-12-02 20:21:39.839 [http-nio-8081-exec-2] DEBUG o.s.w.s.m.m.a.RequestMappingHandlerMapping - Mapped to com.template.controller.DoctorController#createPrescription(PrescriptionCreateRequest, HttpServletRequest)
2025-12-02 20:21:39.845 [http-nio-8081-exec-2] DEBUG o.s.w.s.m.m.a.RequestResponseBodyMethodProcessor - Read "application/json;charset=UTF-8" to [PrescriptionCreateRequest(recordId=106, items=[PrescriptionCreateRequest.PrescriptionItemRequest(med (truncated)...]
2025-12-02 20:21:39.852 [http-nio-8081-exec-2] DEBUG o.s.w.s.m.m.a.ExceptionHandlerExceptionResolver - Using @ExceptionHandler com.template.exception.GlobalExceptionHandler#handleBusinessException(BusinessException, HttpServletRequest)
2025-12-02 20:21:39.853 [http-nio-8081-exec-2] DEBUG o.s.w.s.m.m.a.RequestResponseBodyMethodProcessor - Using 'application/json', given [*/*] and supported [application/json, application/*+json, application/json, application/*+json]
2025-12-02 20:21:39.853 [http-nio-8081-exec-2] DEBUG o.s.w.s.m.m.a.RequestResponseBodyMethodProcessor - Writing [Result{code=40001, message='无权为该病历开具处方', data=null, timestamp=1764678099852}]
2025-12-02 20:21:39.854 [http-nio-8081-exec-2] DEBUG o.s.w.s.m.m.a.ExceptionHandlerExceptionResolver - Resolved [com.template.common.BusinessException: 无权为该病历开具处方]
2025-12-02 20:21:39.854 [http-nio-8081-exec-2] DEBUG org.springframework.web.servlet.DispatcherServlet - Completed 200 OK
2025-12-02 20:21:39.988 [http-nio-8081-exec-5] DEBUG org.springframework.web.servlet.DispatcherServlet - POST "/doctor/prescription", parameters={}
2025-12-02 20:21:39.988 [http-nio-8081-exec-5] DEBUG o.s.w.s.m.m.a.RequestMappingHandlerMapping - Mapped to com.template.controller.DoctorController#createPrescription(PrescriptionCreateRequest, HttpServletRequest)
2025-12-02 20:21:39.994 [http-nio-8081-exec-5] DEBUG o.s.w.s.m.m.a.RequestResponseBodyMethodProcessor - Read "application/json;charset=UTF-8" to [PrescriptionCreateRequest(recordId=106, items=[PrescriptionCreateRequest.PrescriptionItemRequest(med (truncated)...]
2025-12-02 20:21:40.001 [http-nio-8081-exec-5] DEBUG o.s.w.s.m.m.a.ExceptionHandlerExceptionResolver - Using @ExceptionHandler com.template.exception.GlobalExceptionHandler#handleBusinessException(BusinessException, HttpServletRequest)
2025-12-02 20:21:40.001 [http-nio-8081-exec-5] DEBUG o.s.w.s.m.m.a.RequestResponseBodyMethodProcessor - Using 'application/json', given [*/*] and supported [application/json, application/*+json, application/json, application/*+json]
2025-12-02 20:21:40.002 [http-nio-8081-exec-5] DEBUG o.s.w.s.m.m.a.RequestResponseBodyMethodProcessor - Writing [Result{code=40001, message='无权为该病历开具处方', data=null, timestamp=1764678100001}]
2025-12-02 20:21:40.002 [http-nio-8081-exec-5] DEBUG o.s.w.s.m.m.a.ExceptionHandlerExceptionResolver - Resolved [com.template.common.BusinessException: 无权为该病历开具处方]
2025-12-02 20:21:40.003 [http-nio-8081-exec-5] DEBUG org.springframework.web.servlet.DispatcherServlet - Completed 200 OK
2025-12-02 20:21:40.146 [http-nio-8081-exec-7] DEBUG org.springframework.web.servlet.DispatcherServlet - POST "/doctor/prescription", parameters={}
2025-12-02 20:21:40.147 [http-nio-8081-exec-7] DEBUG o.s.w.s.m.m.a.RequestMappingHandlerMapping - Mapped to com.template.controller.DoctorController#createPrescription(PrescriptionCreateRequest, HttpServletRequest)
2025-12-02 20:21:40.153 [http-nio-8081-exec-7] DEBUG o.s.w.s.m.m.a.RequestResponseBodyMethodProcessor - Read "application/json;charset=UTF-8" to [PrescriptionCreateRequest(recordId=106, items=[PrescriptionCreateRequest.PrescriptionItemRequest(med (truncated)...]
2025-12-02 20:21:40.159 [http-nio-8081-exec-7] DEBUG o.s.w.s.m.m.a.ExceptionHandlerExceptionResolver - Using @ExceptionHandler com.template.exception.GlobalExceptionHandler#handleBusinessException(BusinessException, HttpServletRequest)
2025-12-02 20:21:40.159 [http-nio-8081-exec-7] DEBUG o.s.w.s.m.m.a.RequestResponseBodyMethodProcessor - Using 'application/json', given [*/*] and supported [application/json, application/*+json, application/json, application/*+json]
2025-12-02 20:21:40.159 [http-nio-8081-exec-7] DEBUG o.s.w.s.m.m.a.RequestResponseBodyMethodProcessor - Writing [Result{code=40001, message='无权为该病历开具处方', data=null, timestamp=1764678100159}]
2025-12-02 20:21:40.160 [http-nio-8081-exec-7] DEBUG o.s.w.s.m.m.a.ExceptionHandlerExceptionResolver - Resolved [com.template.common.BusinessException: 无权为该病历开具处方]
2025-12-02 20:21:40.160 [http-nio-8081-exec-7] DEBUG org.springframework.web.servlet.DispatcherServlet - Completed 200 OK
2025-12-02 20:21:45.848 [http-nio-8081-exec-9] DEBUG org.springframework.web.servlet.DispatcherServlet - POST "/staff/login", parameters={}
2025-12-02 20:21:45.848 [http-nio-8081-exec-9] DEBUG o.s.w.s.m.m.a.RequestMappingHandlerMapping - Mapped to com.template.controller.StaffController#login(StaffLoginRequest)
2025-12-02 20:21:45.849 [http-nio-8081-exec-9] DEBUG o.s.w.s.m.m.a.RequestResponseBodyMethodProcessor - Read "application/json;charset=UTF-8" to [StaffLoginRequest(loginName=doctor1, password=123456)]
2025-12-02 20:21:45.940 [http-nio-8081-exec-9] DEBUG o.s.w.s.m.m.a.RequestResponseBodyMethodProcessor - Using 'application/json', given [*/*] and supported [application/json, application/*+json, application/json, application/*+json]
2025-12-02 20:21:45.940 [http-nio-8081-exec-9] DEBUG o.s.w.s.m.m.a.RequestResponseBodyMethodProcessor - Writing [Result{code=200, message='登录成功', data=StaffLoginResponse(token=eyJhbGciOiJIUzI1NiJ9.eyJ1c2VySWQiOjIs (truncated)...]
2025-12-02 20:21:45.940 [http-nio-8081-exec-9] DEBUG org.springframework.web.servlet.DispatcherServlet - Completed 200 OK
2025-12-02 20:21:47.009 [http-nio-8081-exec-8] DEBUG org.springframework.web.servlet.DispatcherServlet - GET "/doctor/appointments/pending", parameters={}
2025-12-02 20:21:47.009 [http-nio-8081-exec-8] DEBUG o.s.w.s.m.m.a.RequestMappingHandlerMapping - Mapped to com.template.controller.DoctorController#getPendingAppointments(HttpServletRequest)
2025-12-02 20:21:47.023 [http-nio-8081-exec-8] DEBUG o.s.w.s.m.m.a.RequestResponseBodyMethodProcessor - Using 'application/json', given [*/*] and supported [application/json, application/*+json, application/json, application/*+json]
2025-12-02 20:21:47.023 [http-nio-8081-exec-8] DEBUG o.s.w.s.m.m.a.RequestResponseBodyMethodProcessor - Writing [Result{code=200, message='操作成功', data=[DoctorAppointmentVO(appointmentId=112, patientId=1, patientNa (truncated)...]
2025-12-02 20:21:47.024 [http-nio-8081-exec-8] DEBUG org.springframework.web.servlet.DispatcherServlet - Completed 200 OK
2025-12-02 20:21:49.777 [http-nio-8081-exec-4] DEBUG org.springframework.web.servlet.DispatcherServlet - POST "/doctor/medical-record", parameters={}
2025-12-02 20:21:49.777 [http-nio-8081-exec-4] DEBUG o.s.w.s.m.m.a.RequestMappingHandlerMapping - Mapped to com.template.controller.DoctorController#createMedicalRecord(MedicalRecordCreateRequest, HttpServletRequest)
2025-12-02 20:21:49.780 [http-nio-8081-exec-4] DEBUG o.s.w.s.m.m.a.RequestResponseBodyMethodProcessor - Read "application/json;charset=UTF-8" to [MedicalRecordCreateRequest(appointmentId=113, subjective=发热、咳嗽3天，伴有咽痛, objective=T: 38.5℃，咽部充血，扁桃体I度 (truncated)...]
2025-12-02 20:21:49.808 [http-nio-8081-exec-4] DEBUG o.s.w.s.m.m.a.RequestResponseBodyMethodProcessor - Using 'application/json', given [*/*] and supported [application/json, application/*+json, application/json, application/*+json]
2025-12-02 20:21:49.808 [http-nio-8081-exec-4] DEBUG o.s.w.s.m.m.a.RequestResponseBodyMethodProcessor - Writing [Result{code=200, message='病历创建成功', data=107, timestamp=1764678109807}]
2025-12-02 20:21:49.808 [http-nio-8081-exec-4] DEBUG org.springframework.web.servlet.DispatcherServlet - Completed 200 OK
2025-12-02 20:21:54.024 [http-nio-8081-exec-6] DEBUG org.springframework.web.servlet.DispatcherServlet - GET "/medicine?page=1&pageSize=100", parameters={masked}
2025-12-02 20:21:54.024 [http-nio-8081-exec-6] DEBUG o.s.w.s.m.m.a.RequestMappingHandlerMapping - Mapped to com.template.controller.MedicineController#getMedicinePage(MedicineQueryRequest)
2025-12-02 20:21:54.043 [http-nio-8081-exec-6] DEBUG o.s.w.s.m.m.a.RequestResponseBodyMethodProcessor - Using 'application/json', given [*/*] and supported [application/json, application/*+json, application/json, application/*+json]
2025-12-02 20:21:54.043 [http-nio-8081-exec-6] DEBUG o.s.w.s.m.m.a.RequestResponseBodyMethodProcessor - Writing [Result{code=200, message='操作成功', data=com.baomidou.mybatisplus.extension.plugins.pagination.Page@ffb (truncated)...]
2025-12-02 20:21:54.044 [http-nio-8081-exec-6] DEBUG org.springframework.web.servlet.DispatcherServlet - Completed 200 OK
2025-12-02 20:22:00.495 [http-nio-8081-exec-3] DEBUG org.springframework.web.servlet.DispatcherServlet - POST "/doctor/prescription", parameters={}
2025-12-02 20:22:00.495 [http-nio-8081-exec-3] DEBUG o.s.w.s.m.m.a.RequestMappingHandlerMapping - Mapped to com.template.controller.DoctorController#createPrescription(PrescriptionCreateRequest, HttpServletRequest)
2025-12-02 20:22:00.500 [http-nio-8081-exec-3] DEBUG o.s.w.s.m.m.a.RequestResponseBodyMethodProcessor - Read "application/json;charset=UTF-8" to [PrescriptionCreateRequest(recordId=107, items=[PrescriptionCreateRequest.PrescriptionItemRequest(med (truncated)...]
2025-12-02 20:22:00.556 [http-nio-8081-exec-3] DEBUG o.s.w.s.m.m.a.RequestResponseBodyMethodProcessor - Using 'application/json', given [*/*] and supported [application/json, application/*+json, application/json, application/*+json]
2025-12-02 20:22:00.556 [http-nio-8081-exec-3] DEBUG o.s.w.s.m.m.a.RequestResponseBodyMethodProcessor - Writing [Result{code=200, message='处方创建成功', data=109, timestamp=1764678120555}]
2025-12-02 20:22:00.558 [http-nio-8081-exec-3] DEBUG org.springframework.web.servlet.DispatcherServlet - Completed 200 OK
2025-12-02 20:22:02.124 [http-nio-8081-exec-9] DEBUG org.springframework.web.servlet.DispatcherServlet - GET "/doctor/appointments/pending", parameters={}
2025-12-02 20:22:02.124 [http-nio-8081-exec-9] DEBUG o.s.w.s.m.m.a.RequestMappingHandlerMapping - Mapped to com.template.controller.DoctorController#getPendingAppointments(HttpServletRequest)
2025-12-02 20:22:02.141 [http-nio-8081-exec-9] DEBUG o.s.w.s.m.m.a.RequestResponseBodyMethodProcessor - Using 'application/json', given [*/*] and supported [application/json, application/*+json, application/json, application/*+json]
2025-12-02 20:22:02.142 [http-nio-8081-exec-9] DEBUG o.s.w.s.m.m.a.RequestResponseBodyMethodProcessor - Writing [Result{code=200, message='操作成功', data=[DoctorAppointmentVO(appointmentId=112, patientId=1, patientNa (truncated)...]
2025-12-02 20:22:02.142 [http-nio-8081-exec-9] DEBUG org.springframework.web.servlet.DispatcherServlet - Completed 200 OK
2025-12-02 20:22:09.577 [http-nio-8081-exec-8] DEBUG org.springframework.web.servlet.DispatcherServlet - GET "/medicine?page=1&pageSize=100", parameters={masked}
2025-12-02 20:22:09.578 [http-nio-8081-exec-8] DEBUG o.s.w.s.m.m.a.RequestMappingHandlerMapping - Mapped to com.template.controller.MedicineController#getMedicinePage(MedicineQueryRequest)
2025-12-02 20:22:09.607 [http-nio-8081-exec-8] DEBUG o.s.w.s.m.m.a.RequestResponseBodyMethodProcessor - Using 'application/json', given [*/*] and supported [application/json, application/*+json, application/json, application/*+json]
2025-12-02 20:22:09.608 [http-nio-8081-exec-8] DEBUG o.s.w.s.m.m.a.RequestResponseBodyMethodProcessor - Writing [Result{code=200, message='操作成功', data=com.baomidou.mybatisplus.extension.plugins.pagination.Page@14b (truncated)...]
2025-12-02 20:22:09.609 [http-nio-8081-exec-8] DEBUG org.springframework.web.servlet.DispatcherServlet - Completed 200 OK
2025-12-02 20:22:14.627 [http-nio-8081-exec-4] DEBUG org.springframework.web.servlet.DispatcherServlet - POST "/doctor/prescription", parameters={}
2025-12-02 20:22:14.628 [http-nio-8081-exec-4] DEBUG o.s.w.s.m.m.a.RequestMappingHandlerMapping - Mapped to com.template.controller.DoctorController#createPrescription(PrescriptionCreateRequest, HttpServletRequest)
2025-12-02 20:22:14.633 [http-nio-8081-exec-4] DEBUG o.s.w.s.m.m.a.RequestResponseBodyMethodProcessor - Read "application/json;charset=UTF-8" to [PrescriptionCreateRequest(recordId=107, items=[PrescriptionCreateRequest.PrescriptionItemRequest(med (truncated)...]
2025-12-02 20:22:14.691 [http-nio-8081-exec-4] DEBUG o.s.w.s.m.m.a.RequestResponseBodyMethodProcessor - Using 'application/json', given [*/*] and supported [application/json, application/*+json, application/json, application/*+json]
2025-12-02 20:22:14.691 [http-nio-8081-exec-4] DEBUG o.s.w.s.m.m.a.RequestResponseBodyMethodProcessor - Writing [Result{code=200, message='处方创建成功', data=110, timestamp=1764678134690}]
2025-12-02 20:22:14.692 [http-nio-8081-exec-4] DEBUG org.springframework.web.servlet.DispatcherServlet - Completed 200 OK
2025-12-02 20:22:16.252 [http-nio-8081-exec-6] DEBUG org.springframework.web.servlet.DispatcherServlet - GET "/doctor/appointments/pending", parameters={}
2025-12-02 20:22:16.252 [http-nio-8081-exec-6] DEBUG o.s.w.s.m.m.a.RequestMappingHandlerMapping - Mapped to com.template.controller.DoctorController#getPendingAppointments(HttpServletRequest)
2025-12-02 20:22:16.266 [http-nio-8081-exec-6] DEBUG o.s.w.s.m.m.a.RequestResponseBodyMethodProcessor - Using 'application/json', given [*/*] and supported [application/json, application/*+json, application/json, application/*+json]
2025-12-02 20:22:16.266 [http-nio-8081-exec-6] DEBUG o.s.w.s.m.m.a.RequestResponseBodyMethodProcessor - Writing [Result{code=200, message='操作成功', data=[DoctorAppointmentVO(appointmentId=112, patientId=1, patientNa (truncated)...]
2025-12-02 20:22:16.267 [http-nio-8081-exec-6] DEBUG org.springframework.web.servlet.DispatcherServlet - Completed 200 OK
2025-12-02 20:22:25.014 [http-nio-8081-exec-3] DEBUG org.springframework.web.servlet.DispatcherServlet - GET "/appointment/my", parameters={}
2025-12-02 20:22:25.014 [http-nio-8081-exec-3] DEBUG o.s.w.s.m.m.a.RequestMappingHandlerMapping - Mapped to com.template.controller.AppointmentController#getMyAppointments(HttpServletRequest)
2025-12-02 20:22:25.024 [http-nio-8081-exec-3] DEBUG o.s.w.s.m.m.a.RequestResponseBodyMethodProcessor - Using 'application/json', given [*/*] and supported [application/json, application/*+json, application/json, application/*+json]
2025-12-02 20:22:25.024 [http-nio-8081-exec-3] DEBUG o.s.w.s.m.m.a.RequestResponseBodyMethodProcessor - Writing [Result{code=200, message='操作成功', data=[AppointmentVO(appointmentId=101, scheduleId=100, patientId=2, (truncated)...]
2025-12-02 20:22:25.025 [http-nio-8081-exec-3] DEBUG org.springframework.web.servlet.DispatcherServlet - Completed 200 OK
2025-12-02 20:22:26.896 [http-nio-8081-exec-9] DEBUG org.springframework.web.servlet.DispatcherServlet - GET "/appointment/my", parameters={}
2025-12-02 20:22:26.897 [http-nio-8081-exec-9] DEBUG o.s.w.s.m.m.a.RequestMappingHandlerMapping - Mapped to com.template.controller.AppointmentController#getMyAppointments(HttpServletRequest)
2025-12-02 20:22:26.907 [http-nio-8081-exec-9] DEBUG o.s.w.s.m.m.a.RequestResponseBodyMethodProcessor - Using 'application/json', given [*/*] and supported [application/json, application/*+json, application/json, application/*+json]
2025-12-02 20:22:26.907 [http-nio-8081-exec-9] DEBUG o.s.w.s.m.m.a.RequestResponseBodyMethodProcessor - Writing [Result{code=200, message='操作成功', data=[AppointmentVO(appointmentId=101, scheduleId=100, patientId=2, (truncated)...]
2025-12-02 20:22:26.909 [http-nio-8081-exec-9] DEBUG org.springframework.web.servlet.DispatcherServlet - Completed 200 OK
2025-12-02 20:22:28.500 [http-nio-8081-exec-8] DEBUG org.springframework.web.servlet.DispatcherServlet - GET "/appointment/medical-records", parameters={}
2025-12-02 20:22:28.500 [http-nio-8081-exec-8] DEBUG o.s.w.s.m.m.a.RequestMappingHandlerMapping - Mapped to com.template.controller.AppointmentController#getMyMedicalRecords(HttpServletRequest)
2025-12-02 20:22:28.510 [http-nio-8081-exec-8] DEBUG o.s.w.s.m.m.a.RequestResponseBodyMethodProcessor - Using 'application/json', given [*/*] and supported [application/json, application/*+json, application/json, application/*+json]
2025-12-02 20:22:28.511 [http-nio-8081-exec-8] DEBUG o.s.w.s.m.m.a.RequestResponseBodyMethodProcessor - Writing [Result{code=200, message='操作成功', data=[MedicalRecordVO(recordId=101, appointmentId=101, patientId=2, (truncated)...]
2025-12-02 20:22:28.512 [http-nio-8081-exec-8] DEBUG org.springframework.web.servlet.DispatcherServlet - Completed 200 OK
2025-12-02 20:22:53.818 [http-nio-8081-exec-4] DEBUG org.springframework.web.servlet.DispatcherServlet - GET "/department", parameters={}
2025-12-02 20:22:53.819 [http-nio-8081-exec-4] DEBUG o.s.w.s.m.m.a.RequestMappingHandlerMapping - Mapped to com.template.controller.DepartmentController#getAllDepartments()
2025-12-02 20:22:53.843 [http-nio-8081-exec-4] DEBUG o.s.w.s.m.m.a.RequestResponseBodyMethodProcessor - Using 'application/json', given [*/*] and supported [application/json, application/*+json, application/json, application/*+json]
2025-12-02 20:22:53.844 [http-nio-8081-exec-4] DEBUG o.s.w.s.m.m.a.RequestResponseBodyMethodProcessor - Writing [Result{code=200, message='操作成功', data=[DepartmentVO(deptId=1, deptName=内科, description=内科诊疗), Depart (truncated)...]
2025-12-02 20:22:53.848 [http-nio-8081-exec-4] DEBUG org.springframework.web.servlet.DispatcherServlet - Completed 200 OK
2025-12-02 20:24:44.804 [SpringApplicationShutdownHook] INFO  com.zaxxer.hikari.HikariDataSource - HikariCP - Shutdown initiated...
2025-12-02 20:24:44.812 [SpringApplicationShutdownHook] INFO  com.zaxxer.hikari.HikariDataSource - HikariCP - Shutdown completed.
